0 info it worked if it ends with ok
1 verbose cli [ '/usr/local/node/bin/node',
1 verbose cli   '/usr/local/node/bin/npm',
1 verbose cli   'install',
1 verbose cli   '-g',
1 verbose cli   'grunt-cli' ]
2 info using npm@2.15.1
3 info using node@v4.4.4
4 verbose install initial load of /usr/local/node/lib/package.json
5 verbose readDependencies loading dependencies from /usr/local/node/lib/package.json
6 silly cache add args [ 'grunt-cli', null ]
7 verbose cache add spec grunt-cli
8 silly cache add parsed spec Result {
8 silly cache add   raw: 'grunt-cli',
8 silly cache add   scope: null,
8 silly cache add   name: 'grunt-cli',
8 silly cache add   rawSpec: '',
8 silly cache add   spec: 'latest',
8 silly cache add   type: 'tag' }
9 silly addNamed grunt-cli@latest
10 verbose addNamed "latest" is being treated as a dist-tag for grunt-cli
11 info addNameTag [ 'grunt-cli', 'latest' ]
12 silly mapToRegistry name grunt-cli
13 silly mapToRegistry using default registry
14 silly mapToRegistry registry https://registry.npmjs.org/
15 silly mapToRegistry data Result {
15 silly mapToRegistry   raw: 'grunt-cli',
15 silly mapToRegistry   scope: null,
15 silly mapToRegistry   name: 'grunt-cli',
15 silly mapToRegistry   rawSpec: '',
15 silly mapToRegistry   spec: 'latest',
15 silly mapToRegistry   type: 'tag' }
16 silly mapToRegistry uri https://registry.npmjs.org/grunt-cli
17 verbose addNameTag registry:https://registry.npmjs.org/grunt-cli not in flight; fetching
18 verbose get https://registry.npmjs.org/grunt-cli not expired, no request
19 silly addNameTag next cb for grunt-cli with tag latest
20 silly addNamed grunt-cli@1.2.0
21 verbose addNamed "1.2.0" is a plain semver version for grunt-cli
22 silly cache afterAdd grunt-cli@1.2.0
23 verbose afterAdd /home/vagrant/.npm/grunt-cli/1.2.0/package/package.json not in flight; writing
24 verbose correctMkdir /home/vagrant/.npm correctMkdir not in flight; initializing
25 verbose afterAdd /home/vagrant/.npm/grunt-cli/1.2.0/package/package.json written
26 silly install resolved [ { name: 'grunt-cli',
26 silly install resolved     description: 'The grunt command line interface',
26 silly install resolved     version: '1.2.0',
26 silly install resolved     author:
26 silly install resolved      { name: 'Grunt Development Team',
26 silly install resolved        url: 'http://gruntjs.com/development-team' },
26 silly install resolved     repository:
26 silly install resolved      { type: 'git',
26 silly install resolved        url: 'git+https://github.com/gruntjs/grunt-cli.git' },
26 silly install resolved     license: 'MIT',
26 silly install resolved     engines: { node: '>=0.10.0' },
26 silly install resolved     scripts: { test: 'node bin/grunt test' },
26 silly install resolved     bin: { grunt: 'bin/grunt' },
26 silly install resolved     dependencies:
26 silly install resolved      { 'findup-sync': '~0.3.0',
26 silly install resolved        'grunt-known-options': '~1.1.0',
26 silly install resolved        nopt: '~3.0.6',
26 silly install resolved        resolve: '~1.1.0' },
26 silly install resolved     devDependencies: { grunt: '~0.4.5', 'grunt-contrib-jshint': '~1.0.0' },
26 silly install resolved     files: [ 'bin', 'completion', 'lib' ],
26 silly install resolved     appveyor_id: 'prp6g944b05jsq6d',
26 silly install resolved     contributors: [ [Object], [Object], [Object], [Object] ],
26 silly install resolved     gitHead: 'edd8bd29a72f2f28b63fe2629fcb7b9d9f2feb46',
26 silly install resolved     bugs: { url: 'https://github.com/gruntjs/grunt-cli/issues' },
26 silly install resolved     homepage: 'https://github.com/gruntjs/grunt-cli#readme',
26 silly install resolved     _id: 'grunt-cli@1.2.0',
26 silly install resolved     _shasum: '562b119ebb069ddb464ace2845501be97b35b6a8',
26 silly install resolved     _from: 'grunt-cli@latest',
26 silly install resolved     _npmVersion: '3.8.2',
26 silly install resolved     _nodeVersion: '4.2.3',
26 silly install resolved     _npmUser: { name: 'vladikoff', email: 'vlad@vladikoff.com' },
26 silly install resolved     dist:
26 silly install resolved      { shasum: '562b119ebb069ddb464ace2845501be97b35b6a8',
26 silly install resolved        tarball: 'https://registry.npmjs.org/grunt-cli/-/grunt-cli-1.2.0.tgz' },
26 silly install resolved     maintainers: [ [Object], [Object], [Object], [Object] ],
26 silly install resolved     _npmOperationalInternal:
26 silly install resolved      { host: 'packages-12-west.internal.npmjs.com',
26 silly install resolved        tmp: 'tmp/grunt-cli-1.2.0.tgz_1459558434299_0.8824446983635426' },
26 silly install resolved     directories: {},
26 silly install resolved     _resolved: 'https://registry.npmjs.org/grunt-cli/-/grunt-cli-1.2.0.tgz',
26 silly install resolved     readme: 'ERROR: No README data found!' } ]
27 info install grunt-cli@1.2.0 into /usr/local/node/lib
28 info installOne grunt-cli@1.2.0
29 verbose installOne of grunt-cli to /usr/local/node/lib not in flight; installing
30 verbose correctMkdir /home/vagrant/.npm/_locks correctMkdir not in flight; initializing
31 verbose lock using /home/vagrant/.npm/_locks/grunt-cli-b56a35b349978a93.lock for /usr/local/node/lib/node_modules/grunt-cli
32 silly install write writing grunt-cli 1.2.0 to /usr/local/node/lib/node_modules/grunt-cli
33 verbose unbuild lib/node_modules/grunt-cli
34 silly gentlyRm /usr/local/node/lib/node_modules/grunt-cli is being purged from base /usr/local/node
35 verbose gentlyRm don't care about contents; nuking /usr/local/node/lib/node_modules/grunt-cli
36 verbose tar unpack /home/vagrant/.npm/grunt-cli/1.2.0/package.tgz
37 verbose tar unpacking to /usr/local/node/lib/node_modules/grunt-cli
38 silly gentlyRm /usr/local/node/lib/node_modules/grunt-cli is being purged
39 verbose gentlyRm don't care about contents; nuking /usr/local/node/lib/node_modules/grunt-cli
40 silly gunzTarPerm modes [ '775', '664' ]
41 error tar.unpack untar error /home/vagrant/.npm/grunt-cli/1.2.0/package.tgz
42 verbose unlock done using /home/vagrant/.npm/_locks/grunt-cli-b56a35b349978a93.lock for /usr/local/node/lib/node_modules/grunt-cli
43 verbose fstream_path /usr/local/node/lib/node_modules/grunt-cli
44 verbose fstream_type Directory
45 verbose fstream_class DirWriter
46 verbose stack Error: EACCES: permission denied, mkdir '/usr/local/node/lib/node_modules/grunt-cli'
46 verbose stack     at Error (native)
47 verbose fstream_stack /usr/local/node/lib/node_modules/npm/node_modules/fstream/lib/dir-writer.js:35:25
47 verbose fstream_stack /usr/local/node/lib/node_modules/npm/node_modules/mkdirp/index.js:47:53
47 verbose fstream_stack FSReqWrap.oncomplete (fs.js:82:15)
48 verbose cwd /webser/www/gitfiles
49 error Linux 2.6.32-573.26.1.el6.x86_64
50 error argv "/usr/local/node/bin/node" "/usr/local/node/bin/npm" "install" "-g" "grunt-cli"
51 error node v4.4.4
52 error npm  v2.15.1
53 error path /usr/local/node/lib/node_modules/grunt-cli
54 error code EACCES
55 error errno -13
56 error syscall mkdir
57 error Error: EACCES: permission denied, mkdir '/usr/local/node/lib/node_modules/grunt-cli'
57 error     at Error (native)
57 error  { [Error: EACCES: permission denied, mkdir '/usr/local/node/lib/node_modules/grunt-cli']
57 error   errno: -13,
57 error   code: 'EACCES',
57 error   syscall: 'mkdir',
57 error   path: '/usr/local/node/lib/node_modules/grunt-cli',
57 error   fstream_type: 'Directory',
57 error   fstream_path: '/usr/local/node/lib/node_modules/grunt-cli',
57 error   fstream_class: 'DirWriter',
57 error   fstream_stack:
57 error    [ '/usr/local/node/lib/node_modules/npm/node_modules/fstream/lib/dir-writer.js:35:25',
57 error      '/usr/local/node/lib/node_modules/npm/node_modules/mkdirp/index.js:47:53',
57 error      'FSReqWrap.oncomplete (fs.js:82:15)' ] }
58 error Please try running this command again as root/Administrator.
59 verbose exit [ -13, true ]
60 verbose unbuild lib/node_modules/grunt-cli
61 silly gentlyRm /usr/local/node/lib/node_modules/grunt-cli is being purged from base /usr/local/node
62 verbose gentlyRm don't care about contents; nuking /usr/local/node/lib/node_modules/grunt-cli
